<?xml version="1.0" encoding="UTF-8"?>
<!-- Generated by org.testng.reporters.JUnitReportReporter -->
<testsuite hostname="DESKTOP-MO9AQRS" failures="0" tests="4" name="com.restassured.CountryTranslationTest" time="6.363" errors="0" timestamp="2025-02-18T22:59:27 IST" skipped="0">
  <testcase classname="com.restassured.CountryTranslationTest" name="testCountryTranslation" time="4.083"/>
  <system-out/>
  <testcase classname="com.restassured.CountryTranslationTest" name="testCountryTranslation" time="0.775"/>
  <system-out/>
  <testcase classname="com.restassured.CountryTranslationTest" name="testCountryTranslation" time="0.715"/>
  <system-out/>
  <testcase classname="com.restassured.CountryTranslationTest" name="testCountryTranslation" time="0.790"/>
  <system-out/>
</testsuite> <!-- com.restassured.CountryTranslationTest -->
