<?xml version="1.0" encoding="UTF-8"?>
<!-- Generated by org.testng.reporters.JUnitReportReporter -->
<testsuite hostname="MSI" failures="0" tests="4" name="com.restassured.CountryTranslationTest" time="4.385" errors="0" timestamp="2024-02-27T18:01:27 IST" skipped="0">
  <testcase classname="com.restassured.CountryTranslationTest" name="testCountryTranslation" time="0.725"/>
  <system-out/>
  <testcase classname="com.restassured.CountryTranslationTest" name="testCountryTranslation" time="0.860"/>
  <system-out/>
  <testcase classname="com.restassured.CountryTranslationTest" name="testCountryTranslation" time="0.764"/>
  <system-out/>
  <testcase classname="com.restassured.CountryTranslationTest" name="testCountryTranslation" time="2.036"/>
  <system-out/>
</testsuite> <!-- com.restassured.CountryTranslationTest -->
