<?xml version="1.0" encoding="UTF-8"?>
<testsuite xmlns:xsi="http://www.w3.org/2001/XMLSchema-instance" xsi:noNamespaceSchemaLocation="https://maven.apache.org/surefire/maven-surefire-plugin/xsd/surefire-test-report-3.0.xsd" version="3.0" name="com.restassured.CountryTranslationTest" time="8.282" tests="4" errors="0" skipped="0" failures="0">
  <properties>
    <property name="java.specification.version" value="17"/>
    <property name="sun.cpu.isalist" value="amd64"/>
    <property name="sun.jnu.encoding" value="Cp1252"/>
    <property name="java.class.path" value="E:\capstoneProject\capstone_Apiproject\com.restassured\target\test-classes;E:\capstoneProject\capstone_Apiproject\com.restassured\target\classes;C:\Users\LENOVO\.m2\repository\io\rest-assured\rest-assured\4.4.0\rest-assured-4.4.0.jar;C:\Users\LENOVO\.m2\repository\org\codehaus\groovy\groovy\3.0.8\groovy-3.0.8.jar;C:\Users\LENOVO\.m2\repository\org\codehaus\groovy\groovy-xml\3.0.8\groovy-xml-3.0.8.jar;C:\Users\LENOVO\.m2\repository\org\apache\httpcomponents\httpclient\4.5.13\httpclient-4.5.13.jar;C:\Users\LENOVO\.m2\repository\org\apache\httpcomponents\httpcore\4.4.13\httpcore-4.4.13.jar;C:\Users\LENOVO\.m2\repository\commons-logging\commons-logging\1.2\commons-logging-1.2.jar;C:\Users\LENOVO\.m2\repository\org\apache\httpcomponents\httpmime\4.5.13\httpmime-4.5.13.jar;C:\Users\LENOVO\.m2\repository\org\hamcrest\hamcrest\2.1\hamcrest-2.1.jar;C:\Users\LENOVO\.m2\repository\org\ccil\cowan\tagsoup\tagsoup\1.2.1\tagsoup-1.2.1.jar;C:\Users\LENOVO\.m2\repository\io\rest-assured\json-path\4.4.0\json-path-4.4.0.jar;C:\Users\LENOVO\.m2\repository\org\codehaus\groovy\groovy-json\3.0.8\groovy-json-3.0.8.jar;C:\Users\LENOVO\.m2\repository\io\rest-assured\rest-assured-common\4.4.0\rest-assured-common-4.4.0.jar;C:\Users\LENOVO\.m2\repository\io\rest-assured\xml-path\4.4.0\xml-path-4.4.0.jar;C:\Users\LENOVO\.m2\repository\org\apache\commons\commons-lang3\3.11\commons-lang3-3.11.jar;C:\Users\LENOVO\.m2\repository\jakarta\xml\bind\jakarta.xml.bind-api\2.3.3\jakarta.xml.bind-api-2.3.3.jar;C:\Users\LENOVO\.m2\repository\jakarta\activation\jakarta.activation-api\1.2.2\jakarta.activation-api-1.2.2.jar;C:\Users\LENOVO\.m2\repository\com\sun\xml\bind\jaxb-impl\2.3.3\jaxb-impl-2.3.3.jar;C:\Users\LENOVO\.m2\repository\org\apache\poi\poi\5.2.3\poi-5.2.3.jar;C:\Users\LENOVO\.m2\repository\commons-codec\commons-codec\1.15\commons-codec-1.15.jar;C:\Users\LENOVO\.m2\repository\org\apache\commons\commons-collections4\4.4\commons-collections4-4.4.jar;C:\Users\LENOVO\.m2\repository\org\apache\commons\commons-math3\3.6.1\commons-math3-3.6.1.jar;C:\Users\LENOVO\.m2\repository\commons-io\commons-io\2.11.0\commons-io-2.11.0.jar;C:\Users\LENOVO\.m2\repository\com\zaxxer\SparseBitSet\1.2\SparseBitSet-1.2.jar;C:\Users\LENOVO\.m2\repository\org\apache\logging\log4j\log4j-api\2.18.0\log4j-api-2.18.0.jar;C:\Users\LENOVO\.m2\repository\org\apache\poi\poi-ooxml\5.2.3\poi-ooxml-5.2.3.jar;C:\Users\LENOVO\.m2\repository\org\apache\poi\poi-ooxml-lite\5.2.3\poi-ooxml-lite-5.2.3.jar;C:\Users\LENOVO\.m2\repository\org\apache\xmlbeans\xmlbeans\5.1.1\xmlbeans-5.1.1.jar;C:\Users\LENOVO\.m2\repository\org\apache\commons\commons-compress\1.21\commons-compress-1.21.jar;C:\Users\LENOVO\.m2\repository\com\github\virtuald\curvesapi\1.07\curvesapi-1.07.jar;C:\Users\LENOVO\.m2\repository\org\testng\testng\7.4.0\testng-7.4.0.jar;C:\Users\LENOVO\.m2\repository\com\beust\jcommander\1.78\jcommander-1.78.jar;C:\Users\LENOVO\.m2\repository\org\webjars\jquery\3.5.1\jquery-3.5.1.jar;"/>
    <property name="java.vm.vendor" value="Eclipse Adoptium"/>
    <property name="sun.arch.data.model" value="64"/>
    <property name="user.variant" value=""/>
    <property name="java.vendor.url" value="https://adoptium.net/"/>
    <property name="user.timezone" value="Asia/Calcutta"/>
    <property name="os.name" value="Windows 10"/>
    <property name="java.vm.specification.version" value="17"/>
    <property name="sun.java.launcher" value="SUN_STANDARD"/>
    <property name="user.country" value="US"/>
    <property name="sun.boot.library.path" value="E:\eclipse\plugins\org.eclipse.justj.openjdk.hotspot.jre.full.win32.x86_64_17.0.7.v20230425-1502\jre\bin"/>
    <property name="sun.java.command" value="C:\Users\LENOVO\AppData\Local\Temp\surefire6418732548682699202\surefirebooter-20250218225918074_3.jar C:\Users\LENOVO\AppData\Local\Temp\surefire6418732548682699202 2025-02-18T22-59-16_062-jvmRun1 surefire-20250218225918074_1tmp surefire_0-20250218225918074_2tmp"/>
    <property name="jdk.debug" value="release"/>
    <property name="surefire.test.class.path" value="E:\capstoneProject\capstone_Apiproject\com.restassured\target\test-classes;E:\capstoneProject\capstone_Apiproject\com.restassured\target\classes;C:\Users\LENOVO\.m2\repository\io\rest-assured\rest-assured\4.4.0\rest-assured-4.4.0.jar;C:\Users\LENOVO\.m2\repository\org\codehaus\groovy\groovy\3.0.8\groovy-3.0.8.jar;C:\Users\LENOVO\.m2\repository\org\codehaus\groovy\groovy-xml\3.0.8\groovy-xml-3.0.8.jar;C:\Users\LENOVO\.m2\repository\org\apache\httpcomponents\httpclient\4.5.13\httpclient-4.5.13.jar;C:\Users\LENOVO\.m2\repository\org\apache\httpcomponents\httpcore\4.4.13\httpcore-4.4.13.jar;C:\Users\LENOVO\.m2\repository\commons-logging\commons-logging\1.2\commons-logging-1.2.jar;C:\Users\LENOVO\.m2\repository\org\apache\httpcomponents\httpmime\4.5.13\httpmime-4.5.13.jar;C:\Users\LENOVO\.m2\repository\org\hamcrest\hamcrest\2.1\hamcrest-2.1.jar;C:\Users\LENOVO\.m2\repository\org\ccil\cowan\tagsoup\tagsoup\1.2.1\tagsoup-1.2.1.jar;C:\Users\LENOVO\.m2\repository\io\rest-assured\json-path\4.4.0\json-path-4.4.0.jar;C:\Users\LENOVO\.m2\repository\org\codehaus\groovy\groovy-json\3.0.8\groovy-json-3.0.8.jar;C:\Users\LENOVO\.m2\repository\io\rest-assured\rest-assured-common\4.4.0\rest-assured-common-4.4.0.jar;C:\Users\LENOVO\.m2\repository\io\rest-assured\xml-path\4.4.0\xml-path-4.4.0.jar;C:\Users\LENOVO\.m2\repository\org\apache\commons\commons-lang3\3.11\commons-lang3-3.11.jar;C:\Users\LENOVO\.m2\repository\jakarta\xml\bind\jakarta.xml.bind-api\2.3.3\jakarta.xml.bind-api-2.3.3.jar;C:\Users\LENOVO\.m2\repository\jakarta\activation\jakarta.activation-api\1.2.2\jakarta.activation-api-1.2.2.jar;C:\Users\LENOVO\.m2\repository\com\sun\xml\bind\jaxb-impl\2.3.3\jaxb-impl-2.3.3.jar;C:\Users\LENOVO\.m2\repository\org\apache\poi\poi\5.2.3\poi-5.2.3.jar;C:\Users\LENOVO\.m2\repository\commons-codec\commons-codec\1.15\commons-codec-1.15.jar;C:\Users\LENOVO\.m2\repository\org\apache\commons\commons-collections4\4.4\commons-collections4-4.4.jar;C:\Users\LENOVO\.m2\repository\org\apache\commons\commons-math3\3.6.1\commons-math3-3.6.1.jar;C:\Users\LENOVO\.m2\repository\commons-io\commons-io\2.11.0\commons-io-2.11.0.jar;C:\Users\LENOVO\.m2\repository\com\zaxxer\SparseBitSet\1.2\SparseBitSet-1.2.jar;C:\Users\LENOVO\.m2\repository\org\apache\logging\log4j\log4j-api\2.18.0\log4j-api-2.18.0.jar;C:\Users\LENOVO\.m2\repository\org\apache\poi\poi-ooxml\5.2.3\poi-ooxml-5.2.3.jar;C:\Users\LENOVO\.m2\repository\org\apache\poi\poi-ooxml-lite\5.2.3\poi-ooxml-lite-5.2.3.jar;C:\Users\LENOVO\.m2\repository\org\apache\xmlbeans\xmlbeans\5.1.1\xmlbeans-5.1.1.jar;C:\Users\LENOVO\.m2\repository\org\apache\commons\commons-compress\1.21\commons-compress-1.21.jar;C:\Users\LENOVO\.m2\repository\com\github\virtuald\curvesapi\1.07\curvesapi-1.07.jar;C:\Users\LENOVO\.m2\repository\org\testng\testng\7.4.0\testng-7.4.0.jar;C:\Users\LENOVO\.m2\repository\com\beust\jcommander\1.78\jcommander-1.78.jar;C:\Users\LENOVO\.m2\repository\org\webjars\jquery\3.5.1\jquery-3.5.1.jar;"/>
    <property name="sun.cpu.endian" value="little"/>
    <property name="user.home" value="C:\Users\LENOVO"/>
    <property name="user.language" value="en"/>
    <property name="java.specification.vendor" value="Oracle Corporation"/>
    <property name="java.version.date" value="2023-04-18"/>
    <property name="java.home" value="E:\eclipse\plugins\org.eclipse.justj.openjdk.hotspot.jre.full.win32.x86_64_17.0.7.v20230425-1502\jre"/>
    <property name="file.separator" value="\"/>
    <property name="style.color" value="always"/>
    <property name="basedir" value="E:\capstoneProject\capstone_Apiproject\com.restassured"/>
    <property name="java.vm.compressedOopsMode" value="32-bit"/>
    <property name="line.separator" value="&#10;"/>
    <property name="java.vm.specification.vendor" value="Oracle Corporation"/>
    <property name="java.specification.name" value="Java Platform API Specification"/>
    <property name="surefire.real.class.path" value="C:\Users\LENOVO\AppData\Local\Temp\surefire6418732548682699202\surefirebooter-20250218225918074_3.jar"/>
    <property name="user.script" value=""/>
    <property name="sun.management.compiler" value="HotSpot 64-Bit Tiered Compilers"/>
    <property name="java.runtime.version" value="17.0.7+7"/>
    <property name="user.name" value="LENOVO"/>
    <property name="path.separator" value=";"/>
    <property name="os.version" value="10.0"/>
    <property name="java.runtime.name" value="OpenJDK Runtime Environment"/>
    <property name="file.encoding" value="Cp1252"/>
    <property name="java.vm.name" value="OpenJDK 64-Bit Server VM"/>
    <property name="java.vendor.version" value="Temurin-17.0.7+7"/>
    <property name="localRepository" value="C:\Users\LENOVO\.m2\repository"/>
    <property name="java.vendor.url.bug" value="https://github.com/adoptium/adoptium-support/issues"/>
    <property name="java.io.tmpdir" value="C:\Users\LENOVO\AppData\Local\Temp\"/>
    <property name="java.version" value="17.0.7"/>
    <property name="user.dir" value="E:\capstoneProject\capstone_Apiproject\com.restassured"/>
    <property name="os.arch" value="amd64"/>
    <property name="java.vm.specification.name" value="Java Virtual Machine Specification"/>
    <property name="sun.os.patch.level" value=""/>
    <property name="native.encoding" value="Cp1252"/>
    <property name="java.library.path" value="E:\eclipse\plugins\org.eclipse.justj.openjdk.hotspot.jre.full.win32.x86_64_17.0.7.v20230425-1502\jre\bin;C:\WINDOWS\Sun\Java\bin;C:\WINDOWS\system32;C:\WINDOWS;E:/eclipse//plugins/org.eclipse.justj.openjdk.hotspot.jre.full.win32.x86_64_17.0.7.v20230425-1502/jre/bin/server;E:/eclipse//plugins/org.eclipse.justj.openjdk.hotspot.jre.full.win32.x86_64_17.0.7.v20230425-1502/jre/bin;C:\Program Files\Common Files\Oracle\Java\javapath;C:\WINDOWS\system32;C:\WINDOWS;C:\WINDOWS\System32\Wbem;C:\WINDOWS\System32\WindowsPowerShell\v1.0\;C:\WINDOWS\System32\OpenSSH\;C:\Users\LENOVO\AppData\Roaming\Microsoft\Windows\Start Menu\Programs\Python 3.13;C:\Program Files\Git\cmd;C:\Users\LENOVO\AppData\Local\Programs\Python\Python313\Scripts\;C:\Users\LENOVO\AppData\Local\Programs\Python\Python313\;C:\Users\LENOVO\AppData\Local\Programs\Python\Launcher\;C:\Users\LENOVO\AppData\Local\Microsoft\WindowsApps;;C:\Program Files\JetBrains\IntelliJ IDEA 2024.2.3\bin;;C:\Users\LENOVO\AppData\Local\Programs\Microsoft VS Code\bin;E:\eclipse;;."/>
    <property name="java.vm.info" value="mixed mode"/>
    <property name="java.vendor" value="Eclipse Adoptium"/>
    <property name="java.vm.version" value="17.0.7+7"/>
    <property name="sun.io.unicode.encoding" value="UnicodeLittle"/>
    <property name="java.class.version" value="61.0"/>
  </properties>
  <testcase name="testCountryTranslation[Translation](1)" classname="com.restassured.CountryTranslationTest" time="4.106">
    <system-out><![CDATA[{"status":404,"message":"Not Found"}
]]></system-out>
    <system-err><![CDATA[ERROR StatusLogger Log4j2 could not find a logging implementation. Please add log4j-core to the classpath. Using SimpleLogger to log to the console...
]]></system-err>
  </testcase>
  <testcase name="testCountryTranslation[germany](2)" classname="com.restassured.CountryTranslationTest" time="0.753">
    <system-out><![CDATA[[{"name":{"common":"Germany","official":"Federal Republic of Germany","nativeName":{"deu":{"official":"Bundesrepublik Deutschland","common":"Deutschland"}}},"tld":[".de"],"cca2":"DE","ccn3":"276","cca3":"DEU","cioc":"GER","independent":true,"status":"officially-assigned","unMember":true,"currencies":{"EUR":{"name":"Euro","symbol":"€"}},"idd":{"root":"+4","suffixes":["9"]},"capital":["Berlin"],"altSpellings":["DE","Federal Republic of Germany","Bundesrepublik Deutschland"],"region":"Europe","subregion":"Western Europe","languages":{"deu":"German"},"translations":{"ara":{"official":"جمهورية ألمانيا الاتحادية","common":"ألمانيا"},"bre":{"official":"Republik Kevreadel Alamagn","common":"Alamagn"},"ces":{"official":"Spolková republika Německo","common":"Německo"},"cym":{"official":"Federal Republic of Germany","common":"Germany"},"deu":{"official":"Bundesrepublik Deutschland","common":"Deutschland"},"est":{"official":"Saksamaa Liitvabariik","common":"Saksamaa"},"fin":{"official":"Saksan liittotasavalta","common":"Saksa"},"fra":{"official":"République fédérale d'Allemagne","common":"Allemagne"},"hrv":{"official":"Njemačka Federativna Republika","common":"Njemačka"},"hun":{"official":"Német Szövetségi Köztársaság","common":"Németország"},"ita":{"official":"Repubblica federale di Germania","common":"Germania"},"jpn":{"official":"ドイツ連邦共和国","common":"ドイツ"},"kor":{"official":"독일 연방 공화국","common":"독일"},"nld":{"official":"Bondsrepubliek Duitsland","common":"Duitsland"},"per":{"official":"جمهوری فدرال آلمان","common":"آلمان"},"pol":{"official":"Republika Federalna Niemiec","common":"Niemcy"},"por":{"official":"República Federal da Alemanha","common":"Alemanha"},"rus":{"official":"Федеративная Республика Германия","common":"Германия"},"slk":{"official":"Nemecká spolková republika","common":"Nemecko"},"spa":{"official":"República Federal de Alemania","common":"Alemania"},"srp":{"official":"Савезна Република Немачка","common":"Немачка"},"swe":{"official":"Förbundsrepubliken Tyskland","common":"Tyskland"},"tur":{"official":"Almanya Federal Cumhuriyeti","common":"Almanya"},"urd":{"official":"وفاقی جمہوریہ جرمنی","common":"جرمنی"},"zho":{"official":"德意志联邦共和国","common":"德国"}},"latlng":[51.0,9.0],"landlocked":false,"borders":["AUT","BEL","CZE","DNK","FRA","LUX","NLD","POL","CHE"],"area":357114.0,"demonyms":{"eng":{"f":"German","m":"German"},"fra":{"f":"Allemande","m":"Allemand"}},"flag":"\uD83C\uDDE9\uD83C\uDDEA","maps":{"googleMaps":"https://goo.gl/maps/mD9FBMq1nvXUBrkv6","openStreetMaps":"https://www.openstreetmap.org/relation/51477"},"population":83240525,"gini":{"2016":31.9},"fifa":"GER","car":{"signs":["DY"],"side":"right"},"timezones":["UTC+01:00"],"continents":["Europe"],"flags":{"png":"https://flagcdn.com/w320/de.png","svg":"https://flagcdn.com/de.svg","alt":"The flag of Germany is composed of three equal horizontal bands of black, red and gold."},"coatOfArms":{"png":"https://mainfacts.com/media/images/coats_of_arms/de.png","svg":"https://mainfacts.com/media/images/coats_of_arms/de.svg"},"startOfWeek":"monday","capitalInfo":{"latlng":[52.52,13.4]},"postalCode":{"format":"#####","regex":"^(\\d{5})$"}}]
]]></system-out>
  </testcase>
  <testcase name="testCountryTranslation[alemania](3)" classname="com.restassured.CountryTranslationTest" time="0.706">
    <system-out><![CDATA[[{"name":{"common":"Germany","official":"Federal Republic of Germany","nativeName":{"deu":{"official":"Bundesrepublik Deutschland","common":"Deutschland"}}},"tld":[".de"],"cca2":"DE","ccn3":"276","cca3":"DEU","cioc":"GER","independent":true,"status":"officially-assigned","unMember":true,"currencies":{"EUR":{"name":"Euro","symbol":"€"}},"idd":{"root":"+4","suffixes":["9"]},"capital":["Berlin"],"altSpellings":["DE","Federal Republic of Germany","Bundesrepublik Deutschland"],"region":"Europe","subregion":"Western Europe","languages":{"deu":"German"},"translations":{"ara":{"official":"جمهورية ألمانيا الاتحادية","common":"ألمانيا"},"bre":{"official":"Republik Kevreadel Alamagn","common":"Alamagn"},"ces":{"official":"Spolková republika Německo","common":"Německo"},"cym":{"official":"Federal Republic of Germany","common":"Germany"},"deu":{"official":"Bundesrepublik Deutschland","common":"Deutschland"},"est":{"official":"Saksamaa Liitvabariik","common":"Saksamaa"},"fin":{"official":"Saksan liittotasavalta","common":"Saksa"},"fra":{"official":"République fédérale d'Allemagne","common":"Allemagne"},"hrv":{"official":"Njemačka Federativna Republika","common":"Njemačka"},"hun":{"official":"Német Szövetségi Köztársaság","common":"Németország"},"ita":{"official":"Repubblica federale di Germania","common":"Germania"},"jpn":{"official":"ドイツ連邦共和国","common":"ドイツ"},"kor":{"official":"독일 연방 공화국","common":"독일"},"nld":{"official":"Bondsrepubliek Duitsland","common":"Duitsland"},"per":{"official":"جمهوری فدرال آلمان","common":"آلمان"},"pol":{"official":"Republika Federalna Niemiec","common":"Niemcy"},"por":{"official":"República Federal da Alemanha","common":"Alemanha"},"rus":{"official":"Федеративная Республика Германия","common":"Германия"},"slk":{"official":"Nemecká spolková republika","common":"Nemecko"},"spa":{"official":"República Federal de Alemania","common":"Alemania"},"srp":{"official":"Савезна Република Немачка","common":"Немачка"},"swe":{"official":"Förbundsrepubliken Tyskland","common":"Tyskland"},"tur":{"official":"Almanya Federal Cumhuriyeti","common":"Almanya"},"urd":{"official":"وفاقی جمہوریہ جرمنی","common":"جرمنی"},"zho":{"official":"德意志联邦共和国","common":"德国"}},"latlng":[51.0,9.0],"landlocked":false,"borders":["AUT","BEL","CZE","DNK","FRA","LUX","NLD","POL","CHE"],"area":357114.0,"demonyms":{"eng":{"f":"German","m":"German"},"fra":{"f":"Allemande","m":"Allemand"}},"flag":"\uD83C\uDDE9\uD83C\uDDEA","maps":{"googleMaps":"https://goo.gl/maps/mD9FBMq1nvXUBrkv6","openStreetMaps":"https://www.openstreetmap.org/relation/51477"},"population":83240525,"gini":{"2016":31.9},"fifa":"GER","car":{"signs":["DY"],"side":"right"},"timezones":["UTC+01:00"],"continents":["Europe"],"flags":{"png":"https://flagcdn.com/w320/de.png","svg":"https://flagcdn.com/de.svg","alt":"The flag of Germany is composed of three equal horizontal bands of black, red and gold."},"coatOfArms":{"png":"https://mainfacts.com/media/images/coats_of_arms/de.png","svg":"https://mainfacts.com/media/images/coats_of_arms/de.svg"},"startOfWeek":"monday","capitalInfo":{"latlng":[52.52,13.4]},"postalCode":{"format":"#####","regex":"^(\\d{5})$"}}]
]]></system-out>
  </testcase>
  <testcase name="testCountryTranslation[Saksamaa](4)" classname="com.restassured.CountryTranslationTest" time="0.776">
    <system-out><![CDATA[[{"name":{"common":"Germany","official":"Federal Republic of Germany","nativeName":{"deu":{"official":"Bundesrepublik Deutschland","common":"Deutschland"}}},"tld":[".de"],"cca2":"DE","ccn3":"276","cca3":"DEU","cioc":"GER","independent":true,"status":"officially-assigned","unMember":true,"currencies":{"EUR":{"name":"Euro","symbol":"€"}},"idd":{"root":"+4","suffixes":["9"]},"capital":["Berlin"],"altSpellings":["DE","Federal Republic of Germany","Bundesrepublik Deutschland"],"region":"Europe","subregion":"Western Europe","languages":{"deu":"German"},"translations":{"ara":{"official":"جمهورية ألمانيا الاتحادية","common":"ألمانيا"},"bre":{"official":"Republik Kevreadel Alamagn","common":"Alamagn"},"ces":{"official":"Spolková republika Německo","common":"Německo"},"cym":{"official":"Federal Republic of Germany","common":"Germany"},"deu":{"official":"Bundesrepublik Deutschland","common":"Deutschland"},"est":{"official":"Saksamaa Liitvabariik","common":"Saksamaa"},"fin":{"official":"Saksan liittotasavalta","common":"Saksa"},"fra":{"official":"République fédérale d'Allemagne","common":"Allemagne"},"hrv":{"official":"Njemačka Federativna Republika","common":"Njemačka"},"hun":{"official":"Német Szövetségi Köztársaság","common":"Németország"},"ita":{"official":"Repubblica federale di Germania","common":"Germania"},"jpn":{"official":"ドイツ連邦共和国","common":"ドイツ"},"kor":{"official":"독일 연방 공화국","common":"독일"},"nld":{"official":"Bondsrepubliek Duitsland","common":"Duitsland"},"per":{"official":"جمهوری فدرال آلمان","common":"آلمان"},"pol":{"official":"Republika Federalna Niemiec","common":"Niemcy"},"por":{"official":"República Federal da Alemanha","common":"Alemanha"},"rus":{"official":"Федеративная Республика Германия","common":"Германия"},"slk":{"official":"Nemecká spolková republika","common":"Nemecko"},"spa":{"official":"República Federal de Alemania","common":"Alemania"},"srp":{"official":"Савезна Република Немачка","common":"Немачка"},"swe":{"official":"Förbundsrepubliken Tyskland","common":"Tyskland"},"tur":{"official":"Almanya Federal Cumhuriyeti","common":"Almanya"},"urd":{"official":"وفاقی جمہوریہ جرمنی","common":"جرمنی"},"zho":{"official":"德意志联邦共和国","common":"德国"}},"latlng":[51.0,9.0],"landlocked":false,"borders":["AUT","BEL","CZE","DNK","FRA","LUX","NLD","POL","CHE"],"area":357114.0,"demonyms":{"eng":{"f":"German","m":"German"},"fra":{"f":"Allemande","m":"Allemand"}},"flag":"\uD83C\uDDE9\uD83C\uDDEA","maps":{"googleMaps":"https://goo.gl/maps/mD9FBMq1nvXUBrkv6","openStreetMaps":"https://www.openstreetmap.org/relation/51477"},"population":83240525,"gini":{"2016":31.9},"fifa":"GER","car":{"signs":["DY"],"side":"right"},"timezones":["UTC+01:00"],"continents":["Europe"],"flags":{"png":"https://flagcdn.com/w320/de.png","svg":"https://flagcdn.com/de.svg","alt":"The flag of Germany is composed of three equal horizontal bands of black, red and gold."},"coatOfArms":{"png":"https://mainfacts.com/media/images/coats_of_arms/de.png","svg":"https://mainfacts.com/media/images/coats_of_arms/de.svg"},"startOfWeek":"monday","capitalInfo":{"latlng":[52.52,13.4]},"postalCode":{"format":"#####","regex":"^(\\d{5})$"}}]
]]></system-out>
  </testcase>
</testsuite>